<?xml version="1.0" encoding="UTF-8"?>
<robot generator="Robot 7.1.1 (Python 3.13.0rc2 on win32)" generated="2024-11-04T18:40:02.757038" rpa="false" schemaversion="5">
<suite id="s1" name="Control For loop" source="C:\Users\yoges\Robot_framework_project\Control_For_loop.robot">
<test id="s1-t1" name="Login with multiple users" line="11">
<kw name="Open Browser" owner="SeleniumLibrary">
<msg time="2024-11-04T18:40:03.021888" level="INFO">Opening browser 'chrome' to base url 'https://www.saucedemo.com/'.</msg>
<arg>${URL}</arg>
<arg>chrome</arg>
<doc>Opens a new browser instance to the optional ``url``.</doc>
<status status="PASS" start="2024-11-04T18:40:03.021640" elapsed="2.530268"/>
</kw>
<kw name="Get Length" owner="BuiltIn">
<msg time="2024-11-04T18:40:05.571288" level="INFO">Length is 2.</msg>
<msg time="2024-11-04T18:40:05.571473" level="INFO">${user_count} = 2</msg>
<var>${user_count}</var>
<arg>${Usernames}</arg>
<doc>Returns and logs the length of the given item as an integer.</doc>
<status status="PASS" start="2024-11-04T18:40:05.570962" elapsed="0.000555"/>
</kw>
<for flavor="IN RANGE">
<iter>
<kw name="Get From List">
<msg time="2024-11-04T18:40:05.574772" level="FAIL">No keyword with name 'Get From List' found.</msg>
<var>${username}</var>
<arg>${Usernames}</arg>
<arg>${index}</arg>
<status status="FAIL" start="2024-11-04T18:40:05.574647" elapsed="0.000209">No keyword with name 'Get From List' found.</status>
</kw>
<kw name="Get From List">
<var>${password}</var>
<arg>${Passwords}</arg>
<arg>${index}</arg>
<status status="NOT RUN" start="2024-11-04T18:40:05.575127" elapsed="0.000050"/>
</kw>
<kw name="Perform Login">
<arg>${username}</arg>
<arg>${password}</arg>
<status status="NOT RUN" start="2024-11-04T18:40:05.575473" elapsed="0.000069"/>
</kw>
<kw name="Wait Until Page Contains" owner="SeleniumLibrary">
<arg>Swag Labs</arg>
<arg>timeout=10</arg>
<doc>Waits until ``text`` appears on the current page.</doc>
<status status="NOT RUN" start="2024-11-04T18:40:05.575718" elapsed="0.000042"/>
</kw>
<kw name="Logout">
<doc>Logs the user out of the application</doc>
<status status="NOT RUN" start="2024-11-04T18:40:05.575994" elapsed="0.000046"/>
</kw>
<var name="${index}">0</var>
<status status="FAIL" start="2024-11-04T18:40:05.572287" elapsed="0.003867">No keyword with name 'Get From List' found.</status>
</iter>
<var>${index}</var>
<value>0</value>
<value>${user_count}</value>
<status status="FAIL" start="2024-11-04T18:40:05.571844" elapsed="0.004466">No keyword with name 'Get From List' found.</status>
</for>
<kw name="Close Browser" owner="SeleniumLibrary">
<doc>Closes the current browser.</doc>
<status status="NOT RUN" start="2024-11-04T18:40:05.576670" elapsed="0.000047"/>
</kw>
<doc>This test logs in multiple users and checks for the title</doc>
<status status="FAIL" start="2024-11-04T18:40:03.020532" elapsed="2.556527">No keyword with name 'Get From List' found.</status>
</test>
<status status="FAIL" start="2024-11-04T18:40:02.758712" elapsed="2.842629"/>
</suite>
<statistics>
<total>
<stat pass="0" fail="1" skip="0">All Tests</stat>
</total>
<tag>
</tag>
<suite>
<stat pass="0" fail="1" skip="0" id="s1" name="Control For loop">Control For loop</stat>
</suite>
</statistics>
<errors>
</errors>
</robot>
